SF:lib/entry.dart
DA:15,1
DA:19,1
DA:21,1
DA:22,2
DA:25,1
DA:27,1
DA:28,2
DA:29,1
DA:34,1
DA:36,1
DA:37,5
DA:40,1
DA:42,2
DA:43,2
DA:44,1
LF:15
LH:15
end_of_record
SF:lib/add_button_to_open_new_diary.dart
DA:11,2
DA:16,2
DA:18,2
DA:19,2
DA:23,2
DA:25,2
DA:26,2
DA:27,2
DA:28,2
DA:30,2
DA:41,2
DA:42,4
DA:50,2
DA:52,2
DA:53,6
DA:54,6
LF:16
LH:16
end_of_record
SF:lib/add_image_alert.dart
DA:9,2
DA:12,2
DA:14,2
DA:16,2
DA:17,2
DA:18,2
DA:19,2
DA:21,2
DA:31,2
DA:33,2
DA:34,2
DA:37,1
DA:38,2
DA:39,2
DA:42,2
DA:45,1
DA:46,2
DA:47,2
LF:18
LH:18
end_of_record
SF:lib/alert_dialog_button.dart
DA:9,6
DA:14,6
DA:16,6
DA:17,6
DA:21,6
DA:23,6
DA:24,12
DA:25,6
DA:26,6
DA:28,6
DA:29,12
DA:30,12
DA:32,6
DA:33,12
LF:14
LH:14
end_of_record
SF:lib/add_location_page.dart
DA:15,2
DA:20,2
DA:22,2
DA:23,2
DA:30,1
DA:31,2
DA:32,1
DA:34,2
DA:35,0
DA:38,1
DA:42,1
DA:46,1
DA:48,0
DA:52,0
DA:53,0
DA:54,0
DA:55,0
DA:56,0
DA:61,0
DA:62,0
DA:69,2
DA:71,2
DA:72,2
DA:73,2
DA:74,2
DA:76,2
DA:86,2
DA:88,2
DA:89,2
DA:92,1
DA:93,1
DA:94,0
DA:95,0
DA:99,2
DA:101,2
DA:102,2
DA:103,2
DA:109,2
DA:110,0
DA:111,0
DA:112,0
DA:113,0
DA:116,0
DA:117,0
DA:118,0
DA:119,0
DA:121,0
DA:122,0
DA:123,0
DA:124,0
DA:126,0
LF:51
LH:27
end_of_record
SF:lib/display_images.dart
DA:11,5
DA:15,5
DA:17,5
DA:18,5
DA:23,1
DA:24,4
DA:25,1
DA:27,2
DA:31,0
DA:32,0
DA:33,0
DA:38,5
DA:40,5
DA:46,5
DA:47,10
DA:48,3
DA:49,1
DA:50,1
DA:52,9
LF:19
LH:16
end_of_record
SF:lib/image_detail_screen.dart
DA:10,2
DA:14,2
DA:16,2
DA:17,2
DA:23,2
DA:25,2
DA:26,10
DA:29,1
DA:30,6
DA:31,2
DA:34,2
DA:36,2
DA:37,1
DA:38,1
DA:40,2
DA:41,2
DA:42,2
DA:43,2
DA:44,4
DA:45,2
DA:46,2
DA:47,2
DA:50,0
DA:52,2
DA:53,4
LF:25
LH:24
end_of_record
SF:lib/new_writing_page.dart
DA:21,3
DA:31,3
DA:33,3
DA:34,3
DA:48,3
DA:50,3
DA:51,12
DA:52,17
DA:53,3
DA:54,12
DA:55,9
DA:56,3
DA:60,0
DA:61,0
DA:62,0
DA:64,0
DA:65,0
DA:70,0
DA:71,0
DA:72,0
DA:76,3
DA:77,6
DA:78,2
DA:79,3
DA:85,0
DA:86,0
DA:87,0
DA:88,0
DA:89,0
DA:90,0
DA:92,0
DA:93,0
DA:94,0
DA:98,0
DA:99,0
DA:100,0
DA:101,0
DA:102,0
DA:103,0
DA:105,0
DA:106,0
DA:110,0
DA:111,0
DA:112,0
DA:116,3
DA:118,3
DA:119,3
DA:120,3
DA:121,9
DA:122,3
DA:125,3
DA:126,1
DA:127,8
DA:128,1
DA:131,1
DA:133,1
DA:134,1
DA:135,1
DA:136,1
DA:138,1
DA:150,1
DA:152,1
DA:153,1
DA:154,2
DA:155,1
DA:156,2
DA:167,2
DA:168,2
DA:169,1
DA:170,2
DA:171,1
DA:180,3
DA:181,3
DA:183,3
DA:184,1
DA:185,1
DA:187,1
DA:188,2
DA:195,3
DA:197,3
DA:198,2
DA:199,2
DA:201,2
DA:202,2
DA:203,2
DA:204,2
DA:205,1
DA:206,2
DA:207,1
DA:219,3
DA:221,3
DA:222,3
DA:223,9
DA:224,9
DA:225,4
DA:227,3
DA:228,3
DA:235,3
DA:236,3
DA:237,3
LF:100
LH:72
end_of_record
SF:lib/entry_view_model.dart
DA:11,5
DA:12,5
DA:15,5
DA:16,10
DA:17,0
DA:18,0
DA:21,0
DA:22,0
DA:23,0
DA:26,0
DA:27,0
DA:28,0
DA:29,0
DA:32,0
DA:33,0
DA:34,0
DA:35,0
DA:36,0
DA:39,0
DA:40,0
DA:41,0
DA:42,0
DA:45,9
DA:47,16
DA:49,16
DA:51,4
DA:53,4
DA:55,4
DA:57,4
LF:29
LH:11
end_of_record
SF:lib/view_entries_in_map.dart
DA:11,1
DA:14,1
DA:16,1
DA:17,1
DA:24,1
DA:26,2
DA:27,6
DA:28,1
DA:29,1
DA:32,1
DA:33,2
DA:34,5
DA:35,5
DA:36,3
DA:41,1
DA:43,1
DA:44,1
DA:45,1
DA:46,1
DA:47,5
DA:48,1
DA:51,1
DA:56,0
DA:59,1
DA:61,1
DA:62,1
DA:63,5
DA:64,5
DA:65,6
DA:67,1
DA:68,1
DA:80,1
DA:81,1
LF:33
LH:32
end_of_record
SF:lib/entry_database.g.dart
DA:13,5
DA:14,5
DA:19,0
DA:20,0
DA:24,5
DA:33,0
DA:34,0
DA:39,0
DA:40,0
DA:45,5
DA:46,5
DA:47,15
DA:49,2
DA:50,2
DA:52,2
DA:53,2
DA:60,2
DA:61,4
DA:66,2
DA:71,2
DA:73,2
DA:74,2
DA:75,0
DA:77,0
DA:78,0
DA:80,0
DA:81,0
DA:84,0
DA:86,0
DA:87,0
DA:90,0
DA:93,4
DA:96,0
DA:98,0
DA:103,0
DA:106,0
DA:107,0
DA:110,0
DA:111,0
DA:112,0
DA:113,0
DA:114,0
DA:115,0
DA:116,0
DA:118,0
DA:121,0
DA:122,0
DA:123,0
DA:124,0
DA:125,0
DA:126,0
DA:127,0
DA:128,0
DA:130,0
DA:133,0
DA:134,0
DA:135,0
DA:136,0
DA:137,0
DA:138,0
DA:139,0
DA:140,0
DA:155,0
DA:157,0
DA:158,0
DA:159,0
DA:160,0
DA:161,0
DA:162,0
DA:163,0
DA:164,0
DA:167,0
DA:169,0
DA:172,0
DA:174,0
DA:177,0
DA:179,0
DA:184,0
DA:185,0
LF:79
LH:17
end_of_record
SF:lib/entry_describer.dart
DA:5,2
DA:6,2
DA:7,2
DA:8,2
DA:9,2
DA:10,2
LF:6
LH:6
end_of_record
SF:lib/create_diary_page.dart
DA:16,8
DA:18,3
DA:19,3
DA:27,1
DA:28,1
DA:29,1
DA:31,1
DA:32,1
DA:33,1
DA:34,2
DA:35,1
DA:36,2
DA:37,2
DA:44,1
DA:45,3
DA:46,3
DA:47,1
DA:50,3
DA:56,0
DA:57,0
DA:58,0
DA:59,0
DA:60,0
DA:61,0
DA:62,0
DA:63,0
DA:64,0
DA:66,0
DA:69,0
DA:70,0
DA:71,0
DA:72,0
DA:73,0
DA:74,0
DA:75,0
DA:76,0
DA:77,0
DA:78,0
DA:80,0
DA:84,1
DA:92,2
DA:94,3
DA:95,0
DA:96,0
DA:97,0
DA:98,0
DA:99,0
DA:100,0
DA:104,2
DA:105,3
DA:107,1
DA:113,1
DA:114,1
DA:115,3
DA:122,0
DA:123,0
DA:124,0
DA:125,0
DA:128,0
DA:129,0
DA:135,0
DA:136,0
DA:137,0
DA:139,0
DA:140,0
DA:143,0
DA:144,0
DA:148,1
DA:149,1
DA:150,2
DA:151,1
DA:153,2
DA:154,1
DA:155,1
DA:156,3
DA:160,0
DA:161,0
DA:162,0
DA:165,0
DA:166,0
DA:167,0
DA:168,0
DA:170,0
DA:171,0
DA:172,0
DA:173,0
DA:174,0
DA:175,0
DA:176,0
DA:181,0
DA:183,0
DA:184,0
DA:185,0
DA:186,0
DA:188,0
DA:190,0
DA:191,0
DA:203,0
DA:205,0
DA:210,0
DA:213,0
DA:214,0
DA:215,0
DA:216,0
DA:217,0
DA:218,0
DA:219,0
DA:220,0
DA:221,0
DA:222,0
DA:223,0
DA:225,0
DA:226,0
DA:243,2
DA:244,1
DA:248,3
DA:250,3
DA:251,3
DA:252,3
DA:254,3
DA:255,3
DA:256,3
DA:258,3
DA:260,3
DA:261,3
DA:273,3
DA:276,3
DA:277,3
DA:278,3
DA:281,3
DA:282,3
DA:283,3
DA:285,1
DA:286,1
DA:287,1
DA:289,2
DA:290,1
DA:297,3
DA:299,3
DA:300,3
DA:301,3
DA:302,3
DA:303,3
DA:304,0
DA:305,0
DA:306,0
DA:307,0
DA:308,0
DA:309,0
DA:310,0
LF:150
LH:65
end_of_record
SF:lib/main.dart
DA:7,0
DA:8,0
DA:9,0
DA:14,2
DA:16,1
DA:18,1
DA:19,2
LF:7
LH:4
end_of_record
SF:lib/google_maps.dart
DA:9,2
DA:13,2
DA:15,2
DA:16,2
DA:27,0
DA:28,0
DA:30,0
DA:31,0
DA:32,0
DA:34,0
DA:38,1
DA:39,1
DA:40,2
DA:43,0
DA:44,0
DA:47,2
DA:48,6
DA:52,0
DA:53,0
DA:54,0
DA:56,0
DA:57,0
DA:58,0
DA:64,2
DA:66,2
DA:67,2
DA:69,2
DA:71,2
DA:72,2
DA:84,2
DA:88,2
DA:89,2
DA:90,2
DA:91,2
DA:92,2
DA:94,2
DA:96,2
DA:100,2
DA:102,2
DA:103,2
DA:105,2
DA:107,2
DA:108,2
DA:116,2
DA:118,2
DA:120,1
DA:121,1
DA:122,1
DA:123,2
DA:124,1
DA:132,2
LF:51
LH:37
end_of_record
SF:lib/map_entry_list.dart
DA:9,1
DA:16,1
DA:18,1
DA:20,1
DA:22,1
DA:23,1
DA:24,1
DA:26,1
DA:27,5
DA:34,1
LF:10
LH:10
end_of_record
SF:lib/display_diary_entries.dart
DA:11,2
DA:19,2
DA:21,2
DA:23,2
DA:24,2
DA:26,2
DA:27,2
DA:28,2
DA:30,2
DA:31,2
DA:35,2
DA:37,2
DA:38,2
DA:39,2
DA:41,2
DA:42,10
DA:49,2
LF:17
LH:17
end_of_record
